# JRE version: OpenJDK Runtime Environment (17.0.6) (build 17.0.6+0-b2043.56-9586694)
# Java VM: OpenJDK 64-Bit Server VM (17.0.6+0-b2043.56-9586694, mixed mode, tiered, compressed oops, compressed class ptrs, g1 gc, windows-amd64)
GC Precious Log:
 CPUs: 12 total, 12 available
 Memory: 7521M
 Large Page Support: Disabled
 NUMA Support: Disabled
 Compressed Oops: Enabled (32-bit)
 Heap Region Size: 1M
 Heap Min Capacity: 8M
 Heap Initial Capacity: 118M
 Heap Max Capacity: 1536M
 Pre-touch: Disabled
 Parallel Workers: 10
 Concurrent Workers: 3
 Concurrent Refinement Workers: 10
 Periodic GC: Disabled
Heap:
 garbage-first heap   total 269312K, used 185660K [0x00000000a0000000, 0x0000000100000000)
  region size 1024K, 130 young (133120K), 13 survivors (13312K)
 Metaspace       used 90939K, committed 91584K, reserved 1130496K
  class space    used 11645K, committed 11968K, reserved 1048576K
GC Heap History (20 events):
Event: 23.601 GC heap before
{Heap before GC invocations=37 (full 0):
 garbage-first heap   total 269312K, used 214335K [0x00000000a0000000, 0x0000000100000000)
  region size 1024K, 157 young (160768K), 6 survivors (6144K)
 Metaspace       used 66082K, committed 66496K, reserved 1114112K
  class space    used 8316K, committed 8512K, reserved 1048576K
}
Event: 23.604 GC heap after
{Heap after GC invocations=38 (full 0):
 garbage-first heap   total 269312K, used 60080K [0x00000000a0000000, 0x0000000100000000)
  region size 1024K, 6 young (6144K), 6 survivors (6144K)
 Metaspace       used 66082K, committed 66496K, reserved 1114112K
  class space    used 8316K, committed 8512K, reserved 1048576K
}
Event: 23.762 GC heap before
{Heap before GC invocations=38 (full 0):
 garbage-first heap   total 269312K, used 213680K [0x00000000a0000000, 0x0000000100000000)
  region size 1024K, 157 young (160768K), 6 survivors (6144K)
 Metaspace       used 66085K, committed 66496K, reserved 1114112K
  class space    used 8316K, committed 8512K, reserved 1048576K
}
Event: 23.764 GC heap after
{Heap after GC invocations=39 (full 0):
 garbage-first heap   total 269312K, used 57663K [0x00000000a0000000, 0x0000000100000000)
  region size 1024K, 3 young (3072K), 3 survivors (3072K)
 Metaspace       used 66085K, committed 66496K, reserved 1114112K
  class space    used 8316K, committed 8512K, reserved 1048576K
}
Event: 23.970 GC heap before
{Heap before GC invocations=39 (full 0):
 garbage-first heap   total 269312K, used 217407K [0x00000000a0000000, 0x0000000100000000)
  region size 1024K, 157 young (160768K), 3 survivors (3072K)
 Metaspace       used 66085K, committed 66496K, reserved 1114112K
  class space    used 8316K, committed 8512K, reserved 1048576K
}
Event: 23.972 GC heap after
{Heap after GC invocations=40 (full 0):
 garbage-first heap   total 269312K, used 57663K [0x00000000a0000000, 0x0000000100000000)
  region size 1024K, 3 young (3072K), 3 survivors (3072K)
 Metaspace       used 66085K, committed 66496K, reserved 1114112K
  class space    used 8316K, committed 8512K, reserved 1048576K
}
Event: 24.407 GC heap before
{Heap before GC invocations=40 (full 0):
 garbage-first heap   total 269312K, used 215359K [0x00000000a0000000, 0x0000000100000000)
  region size 1024K, 157 young (160768K), 3 survivors (3072K)
 Metaspace       used 66085K, committed 66496K, reserved 1114112K
  class space    used 8316K, committed 8512K, reserved 1048576K
}
Event: 24.409 GC heap after
{Heap after GC invocations=41 (full 0):
 garbage-first heap   total 269312K, used 57466K [0x00000000a0000000, 0x0000000100000000)
  region size 1024K, 3 young (3072K), 3 survivors (3072K)
 Metaspace       used 66085K, committed 66496K, reserved 1114112K
  class space    used 8316K, committed 8512K, reserved 1048576K
}
Event: 24.889 GC heap before
{Heap before GC invocations=41 (full 0):
 garbage-first heap   total 269312K, used 215162K [0x00000000a0000000, 0x0000000100000000)
  region size 1024K, 157 young (160768K), 3 survivors (3072K)
 Metaspace       used 66085K, committed 66496K, reserved 1114112K
  class space    used 8316K, committed 8512K, reserved 1048576K
}
Event: 24.895 GC heap after
{Heap after GC invocations=42 (full 0):
 garbage-first heap   total 269312K, used 58350K [0x00000000a0000000, 0x0000000100000000)
  region size 1024K, 4 young (4096K), 4 survivors (4096K)
 Metaspace       used 66085K, committed 66496K, reserved 1114112K
  class space    used 8316K, committed 8512K, reserved 1048576K
}
Event: 25.596 GC heap before
{Heap before GC invocations=42 (full 0):
 garbage-first heap   total 269312K, used 213998K [0x00000000a0000000, 0x0000000100000000)
  region size 1024K, 157 young (160768K), 4 survivors (4096K)
 Metaspace       used 66269K, committed 66688K, reserved 1114112K
  class space    used 8343K, committed 8576K, reserved 1048576K
}
Event: 25.597 GC heap after
{Heap after GC invocations=43 (full 0):
 garbage-first heap   total 269312K, used 54720K [0x00000000a0000000, 0x0000000100000000)
  region size 1024K, 3 young (3072K), 3 survivors (3072K)
 Metaspace       used 66269K, committed 66688K, reserved 1114112K
  class space    used 8343K, committed 8576K, reserved 1048576K
}
Event: 25.872 GC heap before
{Heap before GC invocations=43 (full 0):
 garbage-first heap   total 269312K, used 212416K [0x00000000a0000000, 0x0000000100000000)
  region size 1024K, 157 young (160768K), 3 survivors (3072K)
 Metaspace       used 66305K, committed 66752K, reserved 1114112K
  class space    used 8344K, committed 8576K, reserved 1048576K
}
Event: 25.873 GC heap after
{Heap after GC invocations=44 (full 0):
 garbage-first heap   total 269312K, used 53525K [0x00000000a0000000, 0x0000000100000000)
  region size 1024K, 1 young (1024K), 1 survivors (1024K)
 Metaspace       used 66305K, committed 66752K, reserved 1114112K
  class space    used 8344K, committed 8576K, reserved 1048576K
}
Event: 26.071 GC heap before
{Heap before GC invocations=44 (full 0):
 garbage-first heap   total 269312K, used 215317K [0x00000000a0000000, 0x0000000100000000)
  region size 1024K, 157 young (160768K), 1 survivors (1024K)
 Metaspace       used 66305K, committed 66752K, reserved 1114112K
  class space    used 8344K, committed 8576K, reserved 1048576K
}
Event: 26.073 GC heap after
{Heap after GC invocations=45 (full 0):
 garbage-first heap   total 269312K, used 57067K [0x00000000a0000000, 0x0000000100000000)
  region size 1024K, 3 young (3072K), 3 survivors (3072K)
 Metaspace       used 66305K, committed 66752K, reserved 1114112K
  class space    used 8344K, committed 8576K, reserved 1048576K
}
Event: 26.274 GC heap before
{Heap before GC invocations=45 (full 0):
 garbage-first heap   total 269312K, used 214763K [0x00000000a0000000, 0x0000000100000000)
  region size 1024K, 157 young (160768K), 3 survivors (3072K)
 Metaspace       used 66305K, committed 66752K, reserved 1114112K
  class space    used 8344K, committed 8576K, reserved 1048576K
}
Event: 26.275 GC heap after
{Heap after GC invocations=46 (full 0):
 garbage-first heap   total 269312K, used 53229K [0x00000000a0000000, 0x0000000100000000)
  region size 1024K, 1 young (1024K), 1 survivors (1024K)
 Metaspace       used 66305K, committed 66752K, reserved 1114112K
  class space    used 8344K, committed 8576K, reserved 1048576K
}
Event: 27.342 GC heap before
{Heap before GC invocations=46 (full 0):
 garbage-first heap   total 269312K, used 215021K [0x00000000a0000000, 0x0000000100000000)
  region size 1024K, 157 young (160768K), 1 survivors (1024K)
 Metaspace       used 78392K, committed 78912K, reserved 1122304K
  class space    used 9931K, committed 10176K, reserved 1048576K
}
Event: 27.349 GC heap after
{Heap after GC invocations=47 (full 0):
 garbage-first heap   total 269312K, used 67900K [0x00000000a0000000, 0x0000000100000000)
  region size 1024K, 13 young (13312K), 13 survivors (13312K)
 Metaspace       used 78392K, committed 78912K, reserved 1122304K
  class space    used 9931K, committed 10176K, reserved 1048576K
}

